VPET_Equipo#1/Library/Bee/Android/Prj/Mono2x/Gradle/launcher/build/intermediates/manifest_merge_blame_file/release/manifest-merger-blame-release-report.txt
1<?xml version="1.0" encoding="utf-8"?>
2<manifest xmlns:android="http://schemas.android.com/apk/res/android"
3    package="com.Equipo1_simulacionD05.VPET"
4    android:installLocation="preferExternal"
5    android:versionCode="1"
6    android:versionName="1.0" >
7
8    <uses-sdk
9        android:minSdkVersion="22"
9-->src\main\AndroidManifest.xml
10        android:targetSdkVersion="32" />
10-->src\main\AndroidManifest.xml
11
12    <supports-screens
12-->src\main\AndroidManifest.xml:4:3-163
13        android:anyDensity="true"
13-->src\main\AndroidManifest.xml:4:135-160
14        android:largeScreens="true"
14-->src\main\AndroidManifest.xml:4:78-105
15        android:normalScreens="true"
15-->src\main\AndroidManifest.xml:4:49-77
16        android:smallScreens="true"
16-->src\main\AndroidManifest.xml:4:21-48
17        android:xlargeScreens="true" />
17-->src\main\AndroidManifest.xml:4:106-134
18
19    <uses-feature android:glEsVersion="0x00030000" />
19-->[:unityLibrary] AndroidManifest.xml:10:5-54
19-->[:unityLibrary] AndroidManifest.xml:10:19-51
20    <uses-feature
20-->[:unityLibrary] AndroidManifest.xml:11:5-13:36
21        android:name="android.hardware.vulkan.version"
21-->[:unityLibrary] AndroidManifest.xml:12:9-55
22        android:required="false" />
22-->[:unityLibrary] AndroidManifest.xml:13:9-33
23    <uses-feature
23-->[:unityLibrary] AndroidManifest.xml:14:5-16:36
24        android:name="android.hardware.touchscreen"
24-->[:unityLibrary] AndroidManifest.xml:15:9-52
25        android:required="false" />
25-->[:unityLibrary] AndroidManifest.xml:16:9-33
26    <uses-feature
26-->[:unityLibrary] AndroidManifest.xml:17:5-19:36
27        android:name="android.hardware.touchscreen.multitouch"
27-->[:unityLibrary] AndroidManifest.xml:18:9-63
28        android:required="false" />
28-->[:unityLibrary] AndroidManifest.xml:19:9-33
29    <uses-feature
29-->[:unityLibrary] AndroidManifest.xml:20:5-22:36
30        android:name="android.hardware.touchscreen.multitouch.distinct"
30-->[:unityLibrary] AndroidManifest.xml:21:9-72
31        android:required="false" />
31-->[:unityLibrary] AndroidManifest.xml:22:9-33
32
33    <application
33-->src\main\AndroidManifest.xml:3:3-126
34        android:extractNativeLibs="true"
34-->[:unityLibrary] AndroidManifest.xml:24:18-50
35        android:icon="@mipmap/app_icon"
35-->src\main\AndroidManifest.xml:3:49-80
36        android:label="@string/app_name"
36-->src\main\AndroidManifest.xml:3:16-48
37        android:roundIcon="@mipmap/app_icon_round" >
37-->src\main\AndroidManifest.xml:3:81-123
38        <meta-data
38-->[:unityLibrary] AndroidManifest.xml:25:9-27:33
39            android:name="unity.splash-mode"
39-->[:unityLibrary] AndroidManifest.xml:26:13-45
40            android:value="0" />
40-->[:unityLibrary] AndroidManifest.xml:27:13-30
41        <meta-data
41-->[:unityLibrary] AndroidManifest.xml:28:9-30:36
42            android:name="unity.splash-enable"
42-->[:unityLibrary] AndroidManifest.xml:29:13-47
43            android:value="True" />
43-->[:unityLibrary] AndroidManifest.xml:30:13-33
44        <meta-data
44-->[:unityLibrary] AndroidManifest.xml:31:9-33:36
45            android:name="unity.launch-fullscreen"
45-->[:unityLibrary] AndroidManifest.xml:32:13-51
46            android:value="True" />
46-->[:unityLibrary] AndroidManifest.xml:33:13-33
47        <meta-data
47-->[:unityLibrary] AndroidManifest.xml:34:9-36:37
48            android:name="unity.allow-resizable-window"
48-->[:unityLibrary] AndroidManifest.xml:35:13-56
49            android:value="False" />
49-->[:unityLibrary] AndroidManifest.xml:36:13-34
50        <meta-data
50-->[:unityLibrary] AndroidManifest.xml:37:9-39:50
51            android:name="notch.config"
51-->[:unityLibrary] AndroidManifest.xml:38:13-40
52            android:value="portrait|landscape" />
52-->[:unityLibrary] AndroidManifest.xml:39:13-47
53
54        <activity
54-->[:unityLibrary] AndroidManifest.xml:41:9-62:20
55            android:name="com.unity3d.player.UnityPlayerActivity"
55-->[:unityLibrary] AndroidManifest.xml:42:13-66
56            android:configChanges="mcc|mnc|locale|touchscreen|keyboard|keyboardHidden|navigation|orientation|screenLayout|uiMode|screenSize|smallestScreenSize|fontScale|layoutDirection|density"
56-->[:unityLibrary] AndroidManifest.xml:43:13-194
57            android:exported="true"
57-->[:unityLibrary] AndroidManifest.xml:44:13-36
58            android:hardwareAccelerated="false"
58-->[:unityLibrary] AndroidManifest.xml:45:13-48
59            android:launchMode="singleTask"
59-->[:unityLibrary] AndroidManifest.xml:46:13-44
60            android:resizeableActivity="false"
60-->[:unityLibrary] AndroidManifest.xml:47:13-47
61            android:screenOrientation="userLandscape"
61-->[:unityLibrary] AndroidManifest.xml:48:13-54
62            android:theme="@style/UnityThemeSelector" >
62-->[:unityLibrary] AndroidManifest.xml:49:13-54
63            <intent-filter>
63-->[:unityLibrary] AndroidManifest.xml:50:13-54:29
64                <category android:name="android.intent.category.LAUNCHER" />
64-->[:unityLibrary] AndroidManifest.xml:51:17-77
64-->[:unityLibrary] AndroidManifest.xml:51:27-74
65
66                <action android:name="android.intent.action.MAIN" />
66-->[:unityLibrary] AndroidManifest.xml:53:17-69
66-->[:unityLibrary] AndroidManifest.xml:53:25-66
67            </intent-filter>
68
69            <meta-data
69-->[:unityLibrary] AndroidManifest.xml:56:13-58:40
70                android:name="unityplayer.UnityActivity"
70-->[:unityLibrary] AndroidManifest.xml:57:17-57
71                android:value="true" />
71-->[:unityLibrary] AndroidManifest.xml:58:17-37
72            <meta-data
72-->[:unityLibrary] AndroidManifest.xml:59:13-61:40
73                android:name="notch_support"
73-->[:unityLibrary] AndroidManifest.xml:60:17-45
74                android:value="true" />
74-->[:unityLibrary] AndroidManifest.xml:61:17-37
75        </activity>
76    </application>
77
78</manifest>